  [1m[35m (164.0ms)[0m  [1m[35mCREATE DATABASE "plants_backend_development" ENCODING = 'unicode'[0m
  [1m[35m (71.8ms)[0m  [1m[35mCREATE DATABASE "plants_backend_test" ENCODING = 'unicode'[0m
  [1m[35m (34.9ms)[0m  [1m[35mDROP DATABASE IF EXISTS "plants_backend_development"[0m
  [1m[35m (36.1ms)[0m  [1m[35mDROP DATABASE IF EXISTS "plants_backend_test"[0m
  [1m[35m (164.4ms)[0m  [1m[35mCREATE DATABASE "plants_backend_development" ENCODING = 'unicode'[0m
  [1m[35m (68.4ms)[0m  [1m[35mCREATE DATABASE "plants_backend_test" ENCODING = 'unicode'[0m
  [1m[35m (25.3ms)[0m  [1m[35mCREATE TABLE "schema_migrations" ("version" character varying NOT NULL PRIMARY KEY)[0m
  [1m[35m (3.1ms)[0m  [1m[35mCREATE TABLE "ar_internal_metadata" ("key" character varying NOT NULL PRIMARY KEY, "value" character varying, "created_at" timestamp(6) NOT NULL, "updated_at" timestamp(6) NOT NULL)[0m
  [1m[35m (0.5ms)[0m  [1m[34mSELECT "schema_migrations"."version" FROM "schema_migrations" ORDER BY "schema_migrations"."version" ASC[0m
  [1m[35m (0.2ms)[0m  [1m[34mSELECT pg_try_advisory_lock(1302304497635649690)[0m
  [1m[35m (0.8ms)[0m  [1m[34mSELECT "schema_migrations"."version" FROM "schema_migrations" ORDER BY "schema_migrations"."version" ASC[0m
Migrating to CreatePlants (20201216040616)
  [1m[35m (0.1ms)[0m  [1m[35mBEGIN[0m
  [1m[35m (8.0ms)[0m  [1m[35mCREATE TABLE "plants" ("id" bigserial primary key, "api_id" integer, "common_name" character varying, "slug" character varying, "scientific_name" character varying, "year" integer, "rank" character varying, "family_common_name" character varying, "image" character varying, "genus" character varying, "family" character varying, "created_at" timestamp(6) NOT NULL, "updated_at" timestamp(6) NOT NULL)[0m
  [1m[36mprimary::SchemaMigration Create (0.5ms)[0m  [1m[32mINSERT INTO "schema_migrations" ("version") VALUES ($1) RETURNING "version"[0m  [["version", "20201216040616"]]
  [1m[35m (0.5ms)[0m  [1m[35mCOMMIT[0m
  [1m[36mActiveRecord::InternalMetadata Load (0.4ms)[0m  [1m[34mSELECT "ar_internal_metadata".* FROM "ar_internal_metadata" WHERE "ar_internal_metadata"."key" = $1 LIMIT $2[0m  [["key", "environment"], ["LIMIT", 1]]
  [1m[35m (0.2ms)[0m  [1m[35mBEGIN[0m
  [1m[36mActiveRecord::InternalMetadata Create (0.8ms)[0m  [1m[32mINSERT INTO "ar_internal_metadata" ("key", "value", "created_at", "updated_at") VALUES ($1, $2, $3, $4) RETURNING "key"[0m  [["key", "environment"], ["value", "development"], ["created_at", "2020-12-16 04:13:10.248633"], ["updated_at", "2020-12-16 04:13:10.248633"]]
  [1m[35m (0.3ms)[0m  [1m[35mCOMMIT[0m
  [1m[35m (0.3ms)[0m  [1m[34mSELECT pg_advisory_unlock(1302304497635649690)[0m
  [1m[35m (0.8ms)[0m  [1m[34mSELECT "schema_migrations"."version" FROM "schema_migrations" ORDER BY "schema_migrations"."version" ASC[0m
  [1m[35m (0.7ms)[0m  [1m[34mSELECT "schema_migrations"."version" FROM "schema_migrations" ORDER BY "schema_migrations"."version" ASC[0m
  [1m[35m (1.2ms)[0m  [1m[34mSELECT "schema_migrations"."version" FROM "schema_migrations" ORDER BY "schema_migrations"."version" ASC[0m
  [1m[35m (0.2ms)[0m  [1m[35mBEGIN[0m
  [1m[36mPlant Create (5.6ms)[0m  [1m[32mINSERT INTO "plants" ("api_id", "common_name", "slug", "scientific_name", "year", "rank", "family_common_name", "image", "genus", "family", "created_at", "updated_at") VALUES ($1, $2, $3, $4, $5, $6, $7, $8, $9, $10, $11, $12) RETURNING "id"[0m  [["api_id", 1], ["common_name", "Test1"], ["slug", "Test1"], ["scientific_name", "Test1"], ["year", 2020], ["rank", "Test1"], ["family_common_name", "Test1"], ["image", "Test1"], ["genus", "Test1"], ["family", "Test1"], ["created_at", "2020-12-18 12:42:26.494341"], ["updated_at", "2020-12-18 12:42:26.494341"]]
  [1m[35m (2.4ms)[0m  [1m[35mCOMMIT[0m
  [1m[35m (0.1ms)[0m  [1m[35mBEGIN[0m
  [1m[36mPlant Create (0.4ms)[0m  [1m[32mINSERT INTO "plants" ("api_id", "common_name", "slug", "scientific_name", "year", "rank", "family_common_name", "image", "genus", "family", "created_at", "updated_at") VALUES ($1, $2, $3, $4, $5, $6, $7, $8, $9, $10, $11, $12) RETURNING "id"[0m  [["api_id", 2], ["common_name", "Test2"], ["slug", "Test2"], ["scientific_name", "Test2"], ["year", 2020], ["rank", "Test2"], ["family_common_name", "Test2"], ["image", "Test2"], ["genus", "Test2"], ["family", "Test2"], ["created_at", "2020-12-18 12:42:26.507390"], ["updated_at", "2020-12-18 12:42:26.507390"]]
  [1m[35m (0.3ms)[0m  [1m[35mCOMMIT[0m
  [1m[35m (0.7ms)[0m  [1m[34mSELECT "schema_migrations"."version" FROM "schema_migrations" ORDER BY "schema_migrations"."version" ASC[0m
  [1m[35m (0.1ms)[0m  [1m[35mBEGIN[0m
  [1m[36mPlant Create (0.6ms)[0m  [1m[32mINSERT INTO "plants" ("api_id", "common_name", "slug", "scientific_name", "year", "rank", "family_common_name", "image", "genus", "family", "created_at", "updated_at") VALUES ($1, $2, $3, $4, $5, $6, $7, $8, $9, $10, $11, $12) RETURNING "id"[0m  [["api_id", 3], ["common_name", "Test3"], ["slug", "Test3"], ["scientific_name", "Test3"], ["year", 2020], ["rank", "Test3"], ["family_common_name", "Test3"], ["image", "Test3"], ["genus", "Test3"], ["family", "Test3"], ["created_at", "2020-12-18 12:48:20.927672"], ["updated_at", "2020-12-18 12:48:20.927672"]]
  [1m[35m (0.4ms)[0m  [1m[35mCOMMIT[0m
  [1m[35m (0.1ms)[0m  [1m[35mBEGIN[0m
  [1m[36mPlant Create (0.2ms)[0m  [1m[32mINSERT INTO "plants" ("api_id", "common_name", "slug", "scientific_name", "year", "rank", "family_common_name", "image", "genus", "family", "created_at", "updated_at") VALUES ($1, $2, $3, $4, $5, $6, $7, $8, $9, $10, $11, $12) RETURNING "id"[0m  [["api_id", 4], ["common_name", "Test4"], ["slug", "Test4"], ["scientific_name", "Test4"], ["year", 2020], ["rank", "Test4"], ["family_common_name", "Test4"], ["image", "Test4"], ["genus", "Test4"], ["family", "Test4"], ["created_at", "2020-12-18 12:48:20.932396"], ["updated_at", "2020-12-18 12:48:20.932396"]]
  [1m[35m (0.4ms)[0m  [1m[35mCOMMIT[0m
  [1m[35m (0.7ms)[0m  [1m[34mSELECT "schema_migrations"."version" FROM "schema_migrations" ORDER BY "schema_migrations"."version" ASC[0m
  [1m[35m (0.1ms)[0m  [1m[35mBEGIN[0m
  [1m[36mPlant Create (0.7ms)[0m  [1m[32mINSERT INTO "plants" ("api_id", "common_name", "slug", "scientific_name", "year", "rank", "family_common_name", "image", "genus", "family", "created_at", "updated_at") VALUES ($1, $2, $3, $4, $5, $6, $7, $8, $9, $10, $11, $12) RETURNING "id"[0m  [["api_id", 5], ["common_name", "Test5"], ["slug", "Test5"], ["scientific_name", "Test5"], ["year", 2020], ["rank", "Test5"], ["family_common_name", "Test5"], ["image", "Test5"], ["genus", "Test5"], ["family", "Test5"], ["created_at", "2020-12-18 12:55:23.135756"], ["updated_at", "2020-12-18 12:55:23.135756"]]
  [1m[35m (0.6ms)[0m  [1m[35mCOMMIT[0m
  [1m[35m (0.2ms)[0m  [1m[35mBEGIN[0m
  [1m[36mPlant Create (0.4ms)[0m  [1m[32mINSERT INTO "plants" ("api_id", "common_name", "slug", "scientific_name", "year", "rank", "family_common_name", "image", "genus", "family", "created_at", "updated_at") VALUES ($1, $2, $3, $4, $5, $6, $7, $8, $9, $10, $11, $12) RETURNING "id"[0m  [["api_id", 6], ["common_name", "Test6"], ["slug", "Test6"], ["scientific_name", "Test6"], ["year", 2020], ["rank", "Test6"], ["family_common_name", "Test6"], ["image", "Test6"], ["genus", "Test6"], ["family", "Test6"], ["created_at", "2020-12-18 12:55:23.141461"], ["updated_at", "2020-12-18 12:55:23.141461"]]
  [1m[35m (0.4ms)[0m  [1m[35mCOMMIT[0m
  [1m[35m (3.0ms)[0m  [1m[34mSELECT COUNT(*) FROM "plants"[0m
  [1m[35m (0.7ms)[0m  [1m[34mSELECT "schema_migrations"."version" FROM "schema_migrations" ORDER BY "schema_migrations"."version" ASC[0m
  [1m[35m (0.1ms)[0m  [1m[35mBEGIN[0m
  [1m[36mPlant Create (2.3ms)[0m  [1m[32mINSERT INTO "plants" ("api_id", "common_name", "slug", "scientific_name", "year", "rank", "family_common_name", "image", "genus", "family", "created_at", "updated_at") VALUES ($1, $2, $3, $4, $5, $6, $7, $8, $9, $10, $11, $12) RETURNING "id"[0m  [["api_id", 678281], ["common_name", "Evergreen oak"], ["slug", "quercus-rotundifolia"], ["scientific_name", "Quercus rotundifolia"], ["year", 1785], ["rank", "species"], ["family_common_name", "Beech family"], ["image", "https://bs.floristic.org/image/o/1a03948baf0300da25558c2448f086d39b41ca30"], ["genus", "Quercus"], ["family", "Fagaceae"], ["created_at", "2020-12-18 13:01:42.496378"], ["updated_at", "2020-12-18 13:01:42.496378"]]
  [1m[35m (0.5ms)[0m  [1m[35mCOMMIT[0m
  [1m[35m (0.1ms)[0m  [1m[35mBEGIN[0m
  [1m[36mPlant Create (0.3ms)[0m  [1m[32mINSERT INTO "plants" ("api_id", "common_name", "slug", "scientific_name", "year", "rank", "family_common_name", "image", "genus", "family", "created_at", "updated_at") VALUES ($1, $2, $3, $4, $5, $6, $7, $8, $9, $10, $11, $12) RETURNING "id"[0m  [["api_id", 190500], ["common_name", "Stinging nettle"], ["slug", "urtica-dioica"], ["scientific_name", "Urtica dioica"], ["year", 1753], ["rank", "species"], ["family_common_name", "Nettle family"], ["image", "https://bs.floristic.org/image/o/85256a1c2c098e254fefe05040626a4df49ce248"], ["genus", "Urtica"], ["family", "Urticaceae"], ["created_at", "2020-12-18 13:01:42.503372"], ["updated_at", "2020-12-18 13:01:42.503372"]]
  [1m[35m (0.4ms)[0m  [1m[35mCOMMIT[0m
  [1m[35m (0.1ms)[0m  [1m[35mBEGIN[0m
  [1m[36mPlant Create (0.3ms)[0m  [1m[32mINSERT INTO "plants" ("api_id", "common_name", "slug", "scientific_name", "year", "rank", "family_common_name", "image", "genus", "family", "created_at", "updated_at") VALUES ($1, $2, $3, $4, $5, $6, $7, $8, $9, $10, $11, $12) RETURNING "id"[0m  [["api_id", 126957], ["common_name", "Orchardgrass"], ["slug", "dactylis-glomerata"], ["scientific_name", "Dactylis glomerata"], ["year", 1753], ["rank", "species"], ["family_common_name", "Grass family"], ["image", "https://bs.floristic.org/image/o/428f40dadfa0281dc890ead17fcd07882f9efb09"], ["genus", "Dactylis"], ["family", "Poaceae"], ["created_at", "2020-12-18 13:01:42.507012"], ["updated_at", "2020-12-18 13:01:42.507012"]]
  [1m[35m (0.3ms)[0m  [1m[35mCOMMIT[0m
  [1m[35m (0.1ms)[0m  [1m[35mBEGIN[0m
  [1m[36mPlant Create (0.3ms)[0m  [1m[32mINSERT INTO "plants" ("api_id", "common_name", "slug", "scientific_name", "year", "rank", "family_common_name", "image", "genus", "family", "created_at", "updated_at") VALUES ($1, $2, $3, $4, $5, $6, $7, $8, $9, $10, $11, $12) RETURNING "id"[0m  [["api_id", 101913], ["common_name", "Common yarrow"], ["slug", "achillea-millefolium"], ["scientific_name", "Achillea millefolium"], ["year", 1753], ["rank", "species"], ["family_common_name", "Aster family"], ["image", "https://bs.floristic.org/image/o/d8bdcc8a8328551e6e6ce50129e8e7a871b6b3a5"], ["genus", "Achillea"], ["family", "Asteraceae"], ["created_at", "2020-12-18 13:01:42.510546"], ["updated_at", "2020-12-18 13:01:42.510546"]]
  [1m[35m (0.3ms)[0m  [1m[35mCOMMIT[0m
  [1m[35m (0.1ms)[0m  [1m[35mBEGIN[0m
  [1m[36mPlant Create (0.3ms)[0m  [1m[32mINSERT INTO "plants" ("api_id", "common_name", "slug", "scientific_name", "year", "rank", "family_common_name", "image", "genus", "family", "created_at", "updated_at") VALUES ($1, $2, $3, $4, $5, $6, $7, $8, $9, $10, $11, $12) RETURNING "id"[0m  [["api_id", 167888], ["common_name", "Narrowleaf plantain"], ["slug", "plantago-lanceolata"], ["scientific_name", "Plantago lanceolata"], ["year", 1753], ["rank", "species"], ["family_common_name", "Plantain family"], ["image", "https://bs.floristic.org/image/o/78a8374f009e6ed2dc71ca17d18e4271ea0a2a7b"], ["genus", "Plantago"], ["family", "Plantaginaceae"], ["created_at", "2020-12-18 13:01:42.514282"], ["updated_at", "2020-12-18 13:01:42.514282"]]
  [1m[35m (0.3ms)[0m  [1m[35mCOMMIT[0m
  [1m[35m (0.1ms)[0m  [1m[35mBEGIN[0m
  [1m[36mPlant Create (0.3ms)[0m  [1m[32mINSERT INTO "plants" ("api_id", "common_name", "slug", "scientific_name", "year", "rank", "family_common_name", "image", "genus", "family", "created_at", "updated_at") VALUES ($1, $2, $3, $4, $5, $6, $7, $8, $9, $10, $11, $12) RETURNING "id"[0m  [["api_id", 173327], ["common_name", "English oak"], ["slug", "quercus-robur"], ["scientific_name", "Quercus robur"], ["year", 1753], ["rank", "species"], ["family_common_name", "Beech family"], ["image", "https://bs.floristic.org/image/o/2292b670683abdaac354389514105df0018d9ef8"], ["genus", "Quercus"], ["family", "Fagaceae"], ["created_at", "2020-12-18 13:01:42.517967"], ["updated_at", "2020-12-18 13:01:42.517967"]]
  [1m[35m (0.4ms)[0m  [1m[35mCOMMIT[0m
  [1m[35m (0.1ms)[0m  [1m[35mBEGIN[0m
  [1m[36mPlant Create (0.3ms)[0m  [1m[32mINSERT INTO "plants" ("api_id", "common_name", "slug", "scientific_name", "year", "rank", "family_common_name", "image", "genus", "family", "created_at", "updated_at") VALUES ($1, $2, $3, $4, $5, $6, $7, $8, $9, $10, $11, $12) RETURNING "id"[0m  [["api_id", 137025], ["common_name", "Red fescue"], ["slug", "festuca-rubra"], ["scientific_name", "Festuca rubra"], ["year", 1753], ["rank", "species"], ["family_common_name", "Grass family"], ["image", "https://bs.floristic.org/image/o/0b932c8a275efc79f473a71bec20d6f15e9b6b90"], ["genus", "Festuca"], ["family", "Poaceae"], ["created_at", "2020-12-18 13:01:42.522383"], ["updated_at", "2020-12-18 13:01:42.522383"]]
  [1m[35m (0.5ms)[0m  [1m[35mCOMMIT[0m
  [1m[35m (0.1ms)[0m  [1m[35mBEGIN[0m
  [1m[36mPlant Create (0.4ms)[0m  [1m[32mINSERT INTO "plants" ("api_id", "common_name", "slug", "scientific_name", "year", "rank", "family_common_name", "image", "genus", "family", "created_at", "updated_at") VALUES ($1, $2, $3, $4, $5, $6, $7, $8, $9, $10, $11, $12) RETURNING "id"[0m  [["api_id", 173910], ["common_name", "Creeping buttercup"], ["slug", "ranunculus-repens"], ["scientific_name", "Ranunculus repens"], ["year", 1753], ["rank", "species"], ["family_common_name", "Buttercup family"], ["image", "https://bs.floristic.org/image/o/c6d9a5222b6ef0e3a7bdef3350278718d3097bce"], ["genus", "Ranunculus"], ["family", "Ranunculaceae"], ["created_at", "2020-12-18 13:01:42.533198"], ["updated_at", "2020-12-18 13:01:42.533198"]]
  [1m[35m (0.4ms)[0m  [1m[35mCOMMIT[0m
  [1m[35m (0.1ms)[0m  [1m[35mBEGIN[0m
  [1m[36mPlant Create (0.3ms)[0m  [1m[32mINSERT INTO "plants" ("api_id", "common_name", "slug", "scientific_name", "year", "rank", "family_common_name", "image", "genus", "family", "created_at", "updated_at") VALUES ($1, $2, $3, $4, $5, $6, $7, $8, $9, $10, $11, $12) RETURNING "id"[0m  [["api_id", 143075], ["common_name", "Common velvetgrass"], ["slug", "holcus-lanatus"], ["scientific_name", "Holcus lanatus"], ["year", 1753], ["rank", "species"], ["family_common_name", "Grass family"], ["image", "https://bs.floristic.org/image/o/46619775d4319328b2fad6f1ba876ccca2d03534"], ["genus", "Holcus"], ["family", "Poaceae"], ["created_at", "2020-12-18 13:01:42.537126"], ["updated_at", "2020-12-18 13:01:42.537126"]]
  [1m[35m (0.4ms)[0m  [1m[35mCOMMIT[0m
  [1m[35m (0.1ms)[0m  [1m[35mBEGIN[0m
  [1m[36mPlant Create (0.3ms)[0m  [1m[32mINSERT INTO "plants" ("api_id", "common_name", "slug", "scientific_name", "year", "rank", "family_common_name", "image", "genus", "family", "created_at", "updated_at") VALUES ($1, $2, $3, $4, $5, $6, $7, $8, $9, $10, $11, $12) RETURNING "id"[0m  [["api_id", 189539], ["common_name", "White clover"], ["slug", "trifolium-repens"], ["scientific_name", "Trifolium repens"], ["year", 1753], ["rank", "species"], ["family_common_name", "Pea family"], ["image", "https://bs.floristic.org/image/o/c766ed84c547abac6021244bc0014d665ba7726f"], ["genus", "Trifolium"], ["family", "Fabaceae"], ["created_at", "2020-12-18 13:01:42.540927"], ["updated_at", "2020-12-18 13:01:42.540927"]]
  [1m[35m (0.4ms)[0m  [1m[35mCOMMIT[0m
  [1m[35m (0.1ms)[0m  [1m[35mBEGIN[0m
  [1m[36mPlant Create (0.3ms)[0m  [1m[32mINSERT INTO "plants" ("api_id", "common_name", "slug", "scientific_name", "year", "rank", "family_common_name", "image", "genus", "family", "created_at", "updated_at") VALUES ($1, $2, $3, $4, $5, $6, $7, $8, $9, $10, $11, $12) RETURNING "id"[0m  [["api_id", 137834], ["common_name", "European ash"], ["slug", "fraxinus-excelsior"], ["scientific_name", "Fraxinus excelsior"], ["year", 1753], ["rank", "species"], ["family_common_name", "Olive family"], ["image", "https://bs.floristic.org/image/o/56cbb2c6905b39891def2c7aa09a94d63a0e572a"], ["genus", "Fraxinus"], ["family", "Oleaceae"], ["created_at", "2020-12-18 13:01:42.544895"], ["updated_at", "2020-12-18 13:01:42.544895"]]
  [1m[35m (0.3ms)[0m  [1m[35mCOMMIT[0m
  [1m[35m (0.1ms)[0m  [1m[35mBEGIN[0m
  [1m[36mPlant Create (0.3ms)[0m  [1m[32mINSERT INTO "plants" ("api_id", "common_name", "slug", "scientific_name", "year", "rank", "family_common_name", "image", "genus", "family", "created_at", "updated_at") VALUES ($1, $2, $3, $4, $5, $6, $7, $8, $9, $10, $11, $12) RETURNING "id"[0m  [["api_id", 124198], ["common_name", "Oneseed hawthorn"], ["slug", "crataegus-monogyna"], ["scientific_name", "Crataegus monogyna"], ["year", 1775], ["rank", "species"], ["family_common_name", "Rose family"], ["image", "https://bs.floristic.org/image/o/26b1520c799177ee1b7c4a27f9f46c4ace617dd2"], ["genus", "Crataegus"], ["family", "Rosaceae"], ["created_at", "2020-12-18 13:01:42.548572"], ["updated_at", "2020-12-18 13:01:42.548572"]]
  [1m[35m (0.3ms)[0m  [1m[35mCOMMIT[0m
  [1m[35m (0.1ms)[0m  [1m[35mBEGIN[0m
  [1m[36mPlant Create (0.3ms)[0m  [1m[32mINSERT INTO "plants" ("api_id", "common_name", "slug", "scientific_name", "year", "rank", "family_common_name", "image", "genus", "family", "created_at", "updated_at") VALUES ($1, $2, $3, $4, $5, $6, $7, $8, $9, $10, $11, $12) RETURNING "id"[0m  [["api_id", 189529], ["common_name", "Red clover"], ["slug", "trifolium-pratense"], ["scientific_name", "Trifolium pratense"], ["year", 1753], ["rank", "species"], ["family_common_name", "Pea family"], ["image", "https://bs.floristic.org/image/o/7eb243363838c9975c57204057e63fa8101c26d8"], ["genus", "Trifolium"], ["family", "Fabaceae"], ["created_at", "2020-12-18 13:01:42.552334"], ["updated_at", "2020-12-18 13:01:42.552334"]]
  [1m[35m (0.4ms)[0m  [1m[35mCOMMIT[0m
  [1m[35m (0.1ms)[0m  [1m[35mBEGIN[0m
  [1m[36mPlant Create (0.3ms)[0m  [1m[32mINSERT INTO "plants" ("api_id", "common_name", "slug", "scientific_name", "year", "rank", "family_common_name", "image", "genus", "family", "created_at", "updated_at") VALUES ($1, $2, $3, $4, $5, $6, $7, $8, $9, $10, $11, $12) RETURNING "id"[0m  [["api_id", 173587], ["common_name", "Tall buttercup"], ["slug", "ranunculus-acris"], ["scientific_name", "Ranunculus acris"], ["year", 1753], ["rank", "species"], ["family_common_name", "Buttercup family"], ["image", "https://bs.floristic.org/image/o/8390d605e1947cb44e24af9492f96df4a34e8ca8"], ["genus", "Ranunculus"], ["family", "Ranunculaceae"], ["created_at", "2020-12-18 13:01:42.557685"], ["updated_at", "2020-12-18 13:01:42.557685"]]
  [1m[35m (0.3ms)[0m  [1m[35mCOMMIT[0m
  [1m[35m (0.1ms)[0m  [1m[35mBEGIN[0m
  [1m[36mPlant Create (0.3ms)[0m  [1m[32mINSERT INTO "plants" ("api_id", "common_name", "slug", "scientific_name", "year", "rank", "family_common_name", "image", "genus", "family", "created_at", "updated_at") VALUES ($1, $2, $3, $4, $5, $6, $7, $8, $9, $10, $11, $12) RETURNING "id"[0m  [["api_id", 123486], ["common_name", "Common filbert"], ["slug", "corylus-avellana"], ["scientific_name", "Corylus avellana"], ["year", 1753], ["rank", "species"], ["family_common_name", "Birch family"], ["image", "https://bs.floristic.org/image/o/0d92cadb0d66dce1b0a8b26913125d6501e31d68"], ["genus", "Corylus"], ["family", "Betulaceae"], ["created_at", "2020-12-18 13:01:42.568160"], ["updated_at", "2020-12-18 13:01:42.568160"]]
  [1m[35m (0.3ms)[0m  [1m[35mCOMMIT[0m
  [1m[35m (0.1ms)[0m  [1m[35mBEGIN[0m
  [1m[36mPlant Create (0.4ms)[0m  [1m[32mINSERT INTO "plants" ("api_id", "common_name", "slug", "scientific_name", "year", "rank", "family_common_name", "image", "genus", "family", "created_at", "updated_at") VALUES ($1, $2, $3, $4, $5, $6, $7, $8, $9, $10, $11, $12) RETURNING "id"[0m  [["api_id", 136773], ["common_name", "European beech"], ["slug", "fagus-sylvatica"], ["scientific_name", "Fagus sylvatica"], ["year", 1753], ["rank", "species"], ["family_common_name", "Beech family"], ["image", "https://bs.floristic.org/image/o/a733221df31a1ff99af03566841744f3b4c6cffe"], ["genus", "Fagus"], ["family", "Fagaceae"], ["created_at", "2020-12-18 13:01:42.577971"], ["updated_at", "2020-12-18 13:01:42.577971"]]
  [1m[35m (0.4ms)[0m  [1m[35mCOMMIT[0m
  [1m[35m (0.1ms)[0m  [1m[35mBEGIN[0m
  [1m[36mPlant Create (0.4ms)[0m  [1m[32mINSERT INTO "plants" ("api_id", "common_name", "slug", "scientific_name", "year", "rank", "family_common_name", "image", "genus", "family", "created_at", "updated_at") VALUES ($1, $2, $3, $4, $5, $6, $7, $8, $9, $10, $11, $12) RETURNING "id"[0m  [["api_id", 146208], ["common_name", "Common rush"], ["slug", "juncus-effusus"], ["scientific_name", "Juncus effusus"], ["year", 1753], ["rank", "species"], ["family_common_name", "Rush family"], ["image", "https://bs.floristic.org/image/o/93041212342d6e8f9f544fd55000c037485a360e"], ["genus", "Juncus"], ["family", "Juncaceae"], ["created_at", "2020-12-18 13:01:42.587765"], ["updated_at", "2020-12-18 13:01:42.587765"]]
  [1m[35m (0.4ms)[0m  [1m[35mCOMMIT[0m
  [1m[35m (0.1ms)[0m  [1m[35mBEGIN[0m
  [1m[36mPlant Create (0.3ms)[0m  [1m[32mINSERT INTO "plants" ("api_id", "common_name", "slug", "scientific_name", "year", "rank", "family_common_name", "image", "genus", "family", "created_at", "updated_at") VALUES ($1, $2, $3, $4, $5, $6, $7, $8, $9, $10, $11, $12) RETURNING "id"[0m  [["api_id", 176845], ["common_name", "Garden sorrel"], ["slug", "rumex-acetosa"], ["scientific_name", "Rumex acetosa"], ["year", 1753], ["rank", "species"], ["family_common_name", "Buckwheat family"], ["image", "https://bs.floristic.org/image/o/780b9f3c63318588b8874d608c2d4900fc2adce3"], ["genus", "Rumex"], ["family", "Polygonaceae"], ["created_at", "2020-12-18 13:01:42.595115"], ["updated_at", "2020-12-18 13:01:42.595115"]]
  [1m[35m (0.4ms)[0m  [1m[35mCOMMIT[0m
  [1m[35m (0.1ms)[0m  [1m[35mBEGIN[0m
  [1m[36mPlant Create (0.3ms)[0m  [1m[32mINSERT INTO "plants" ("api_id", "common_name", "slug", "scientific_name", "year", "rank", "family_common_name", "image", "genus", "family", "created_at", "updated_at") VALUES ($1, $2, $3, $4, $5, $6, $7, $8, $9, $10, $11, $12) RETURNING "id"[0m  [["api_id", 105790], ["common_name", "Sweet vernalgrass"], ["slug", "anthoxanthum-odoratum"], ["scientific_name", "Anthoxanthum odoratum"], ["year", 1753], ["rank", "species"], ["family_common_name", "Grass family"], ["image", "https://bs.floristic.org/image/o/fcf64ef0676db8ca9d2abf4017f5b8211b10e0b1"], ["genus", "Anthoxanthum"], ["family", "Poaceae"], ["created_at", "2020-12-18 13:01:42.603066"], ["updated_at", "2020-12-18 13:01:42.603066"]]
  [1m[35m (0.4ms)[0m  [1m[35mCOMMIT[0m
  [1m[35m (0.1ms)[0m  [1m[35mBEGIN[0m
  [1m[36mPlant Create (0.4ms)[0m  [1m[32mINSERT INTO "plants" ("api_id", "common_name", "slug", "scientific_name", "year", "rank", "family_common_name", "image", "genus", "family", "created_at", "updated_at") VALUES ($1, $2, $3, $4, $5, $6, $7, $8, $9, $10, $11, $12) RETURNING "id"[0m  [["api_id", 137183], ["common_name", "Queen of the meadow"], ["slug", "filipendula-ulmaria"], ["scientific_name", "Filipendula ulmaria"], ["year", 1879], ["rank", "species"], ["family_common_name", "Rose family"], ["image", "https://bs.floristic.org/image/o/f5f2a3d241dcd22e237cdebdbf770477721516f0"], ["genus", "Filipendula"], ["family", "Rosaceae"], ["created_at", "2020-12-18 13:01:42.610903"], ["updated_at", "2020-12-18 13:01:42.610903"]]
  [1m[35m (0.4ms)[0m  [1m[35mCOMMIT[0m
  [1m[35m (0.6ms)[0m  [1m[34mSELECT COUNT(*) FROM "plants"[0m
Started GET "/plants" for ::1 at 2020-12-18 07:03:20 -0600
  [1m[35m (0.9ms)[0m  [1m[34mSELECT "schema_migrations"."version" FROM "schema_migrations" ORDER BY "schema_migrations"."version" ASC[0m
Processing by PlantsController#index as */*
  [1m[36mPlant Load (0.7ms)[0m  [1m[34mSELECT "plants".* FROM "plants"[0m
  ↳ app/controllers/plants_controller.rb:8:in `index'
Completed 200 OK in 30ms (Views: 21.4ms | ActiveRecord: 6.9ms | Allocations: 13763)


  [1m[36mPlant Load (0.5ms)[0m  [1m[34mSELECT "plants".* FROM "plants" LIMIT $1[0m  [["LIMIT", 11]]
